<?xml version="1.0" encoding="UTF-8"?>
<testng-results ignored="0" total="2" passed="2" failed="0" skipped="0">
  <reporter-output>
  </reporter-output>
  <suite started-at="2025-02-12T20:55:02 IST" name="Suite" finished-at="2025-02-12T20:55:12 IST" duration-ms="9652">
    <groups>
    </groups>
    <test started-at="2025-02-12T20:55:02 IST" name="ParellelTestExceution" finished-at="2025-02-12T20:55:12 IST" duration-ms="9652">
      <class name="TestNG.Parellelexecution">
        <test-method signature="facebook()[pri:0, instance:TestNG.Parellelexecution@5677323c]" started-at="2025-02-12T20:55:02 IST" name="facebook" finished-at="2025-02-12T20:55:11 IST" duration-ms="8728" status="PASS">
          <reporter-output>
          </reporter-output>
        </test-method> <!-- facebook -->
        <test-method signature="Google()[pri:0, instance:TestNG.Parellelexecution@5677323c]" started-at="2025-02-12T20:55:02 IST" name="Google" finished-at="2025-02-12T20:55:12 IST" duration-ms="9593" status="PASS">
          <reporter-output>
          </reporter-output>
        </test-method> <!-- Google -->
      </class> <!-- TestNG.Parellelexecution -->
    </test> <!-- ParellelTestExceution -->
  </suite> <!-- Suite -->
</testng-results>
