<?xml version="1.0" encoding="UTF-8"?>
<testng-results ignored="0" total="2" passed="2" failed="0" skipped="0">
  <reporter-output>
  </reporter-output>
  <suite started-at="2025-02-13T20:41:48 IST" name="Suite" finished-at="2025-02-13T20:43:01 IST" duration-ms="73143">
    <groups>
    </groups>
    <test started-at="2025-02-13T20:41:48 IST" name="Chrome Test" finished-at="2025-02-13T20:42:21 IST" duration-ms="33695">
      <class name="CrossBrawser.CrossBrawser">
        <test-method signature="flipkart(java.lang.String)[pri:0, instance:CrossBrawser.CrossBrawser@27406a17]" started-at="2025-02-13T20:41:48 IST" name="flipkart" finished-at="2025-02-13T20:42:21 IST" duration-ms="33588" status="PASS">
          <params>
            <param index="0">
              <value>
                <![CDATA[chrome]]>
              </value>
            </param>
          </params>
          <reporter-output>
          </reporter-output>
        </test-method> <!-- flipkart -->
      </class> <!-- CrossBrawser.CrossBrawser -->
    </test> <!-- Chrome Test -->
    <test started-at="2025-02-13T20:42:22 IST" name="Edge Test" finished-at="2025-02-13T20:43:01 IST" duration-ms="39309">
      <class name="CrossBrawser.CrossBrawser">
        <test-method signature="flipkart(java.lang.String)[pri:0, instance:CrossBrawser.CrossBrawser@1972e513]" started-at="2025-02-13T20:42:22 IST" name="flipkart" finished-at="2025-02-13T20:43:01 IST" duration-ms="39295" status="PASS">
          <params>
            <param index="0">
              <value>
                <![CDATA[edge]]>
              </value>
            </param>
          </params>
          <reporter-output>
          </reporter-output>
        </test-method> <!-- flipkart -->
      </class> <!-- CrossBrawser.CrossBrawser -->
    </test> <!-- Edge Test -->
  </suite> <!-- Suite -->
</testng-results>
